{
  "stats": {
    "suites": 1,
    "tests": 1,
    "passes": 0,
    "pending": 0,
    "failures": 1,
    "start": "2026-03-11T13:43:14.088Z",
    "end": "2026-03-11T13:43:14.433Z",
    "duration": 345,
    "testsRegistered": 1,
    "passPercent": 0,
    "pendingPercent": 0,
    "other": 0,
    "hasOther": false,
    "skipped": 0,
    "hasSkipped": false
  },
  "results": [
    {
      "uuid": "31ae67eb-2a04-4509-b420-e72cd065e382",
      "title": "",
      "fullFile": "cypress\\e2e\\api\\login.cy.js",
      "file": "cypress\\e2e\\api\\login.cy.js",
      "beforeHooks": [],
      "afterHooks": [],
      "tests": [],
      "suites": [
        {
          "uuid": "2a096092-f9cc-4641-b0c2-005e20d99610",
          "title": "API - Login",
          "fullFile": "",
          "file": "",
          "beforeHooks": [],
          "afterHooks": [],
          "tests": [
            {
              "title": "Deve autenticar usuário",
              "fullTitle": "API - Login Deve autenticar usuário",
              "timedOut": null,
              "duration": 325,
              "state": "failed",
              "speed": null,
              "pass": false,
              "fail": true,
              "pending": false,
              "context": null,
              "code": "cy.request('POST', `${Cypress.env('apiUrl')}/login`, {\n  email: 'admin@qa.com',\n  password: '123456'\n}).then(response => {\n  expect(response.status).to.eq(200);\n  expect(response.body).to.have.property('authorization');\n});",
              "err": {
                "message": "CypressError: `Cypress.env()` does not work when `allowCypressEnv` is set to `false`. Please migrate to `cy.env()` or leverage other stateful methods to manage variables. The variable being accessed was: `apiUrl`\n\nhttps://on.cypress.io/cypress-env-migration",
                "estack": "CypressError: `Cypress.env()` does not work when `allowCypressEnv` is set to `false`. Please migrate to `cy.env()` or leverage other stateful methods to manage variables. The variable being accessed was: `apiUrl`\n\nhttps://on.cypress.io/cypress-env-migration\n    at cypressErr (https://front.serverest.dev/__cypress/runner/cypress_runner.js:78375:18)\n    at Object.errByPath (https://front.serverest.dev/__cypress/runner/cypress_runner.js:78443:10)\n    at $Cypress.failCypressEnvWithWarning [as env] (https://front.serverest.dev/__cypress/runner/cypress_runner.js:41589:81)\n    at Context.eval (webpack://projetorodrigo/./cypress/e2e/api/login.cy.js:7:17)\n    at runnable.fn (https://front.serverest.dev/__cypress/runner/cypress_runner.js:146599:19)\n    at callFn (https://front.serverest.dev/__cypress/runner/cypress_runner.js:165733:21)\n    at Runnable.run (https://front.serverest.dev/__cypress/runner/cypress_runner.js:165720:7)\n    at <unknown> (https://front.serverest.dev/__cypress/runner/cypress_runner.js:171818:30)\n    at PassThroughHandlerContext.finallyHandler (https://front.serverest.dev/__cypress/runner/cypress_runner.js:4042:23)\n    at PassThroughHandlerContext.tryCatcher (https://front.serverest.dev/__cypress/runner/cypress_runner.js:1777:23)\n    at Promise._settlePromiseFromHandler (https://front.serverest.dev/__cypress/runner/cypress_runner.js:1489:31)\n    at Promise._settlePromise (https://front.serverest.dev/__cypress/runner/cypress_runner.js:1546:18)\n    at Promise._settlePromise0 (https://front.serverest.dev/__cypress/runner/cypress_runner.js:1591:10)\n    at Promise._settlePromises (https://front.serverest.dev/__cypress/runner/cypress_runner.js:1671:18)\n    at Promise._fulfill (https://front.serverest.dev/__cypress/runner/cypress_runner.js:1615:18)\n    at Promise._settlePromise (https://front.serverest.dev/__cypress/runner/cypress_runner.js:1559:21)\n    at Promise._settlePromise0 (https://front.serverest.dev/__cypress/runner/cypress_runner.js:1591:10)\n    at Promise._settlePromises (https://front.serverest.dev/__cypress/runner/cypress_runner.js:1671:18)\n    at Promise._fulfill (https://front.serverest.dev/__cypress/runner/cypress_runner.js:1615:18)\n    at Promise._resolveCallback (https://front.serverest.dev/__cypress/runner/cypress_runner.js:1409:57)\n    at Promise._settlePromiseFromHandler (https://front.serverest.dev/__cypress/runner/cypress_runner.js:1501:17)",
                "diff": null
              },
              "uuid": "016b8a59-1b4a-4eb5-ae69-f6b00d18bf38",
              "parentUUID": "2a096092-f9cc-4641-b0c2-005e20d99610",
              "isHook": false,
              "skipped": false
            }
          ],
          "suites": [],
          "passes": [],
          "failures": [
            "016b8a59-1b4a-4eb5-ae69-f6b00d18bf38"
          ],
          "pending": [],
          "skipped": [],
          "duration": 325,
          "root": false,
          "rootEmpty": false,
          "_timeout": 2000
        }
      ],
      "passes": [],
      "failures": [],
      "pending": [],
      "skipped": [],
      "duration": 0,
      "root": true,
      "rootEmpty": true,
      "_timeout": 2000
    }
  ],
  "meta": {
    "mocha": {
      "version": "7.2.0"
    },
    "mochawesome": {
      "options": {
        "quiet": false,
        "reportFilename": "mochawesome",
        "saveHtml": false,
        "saveJson": true,
        "consoleReporter": "spec",
        "useInlineDiffs": false,
        "code": true
      },
      "version": "7.1.4"
    },
    "marge": {
      "options": {
        "reportDir": "cypress/reports",
        "overwrite": false,
        "html": false,
        "json": true,
        "embeddedScreenshots": true,
        "inlineAssets": true
      },
      "version": "6.3.2"
    }
  }
}