{
  "stats": {
    "suites": 1,
    "tests": 1,
    "passes": 0,
    "pending": 0,
    "failures": 1,
    "start": "2026-03-11T13:43:20.524Z",
    "end": "2026-03-11T13:43:25.745Z",
    "duration": 5221,
    "testsRegistered": 1,
    "passPercent": 0,
    "pendingPercent": 0,
    "other": 0,
    "hasOther": false,
    "skipped": 0,
    "hasSkipped": false
  },
  "results": [
    {
      "uuid": "d3cda833-f1de-4c16-b553-93bb58b636e2",
      "title": "",
      "fullFile": "cypress\\e2e\\frontend\\cadastroUsuario.cy.js",
      "file": "cypress\\e2e\\frontend\\cadastroUsuario.cy.js",
      "beforeHooks": [],
      "afterHooks": [],
      "tests": [],
      "suites": [
        {
          "uuid": "492d49d3-2118-450d-b15a-2bf0bb8c9d59",
          "title": "Frontend - Cadastro de usuário",
          "fullFile": "",
          "file": "",
          "beforeHooks": [],
          "afterHooks": [],
          "tests": [
            {
              "title": "Deve cadastrar usuário com sucesso",
              "fullTitle": "Frontend - Cadastro de usuário Deve cadastrar usuário com sucesso",
              "timedOut": null,
              "duration": 5204,
              "state": "failed",
              "speed": null,
              "pass": false,
              "fail": true,
              "pending": false,
              "context": null,
              "code": "const usuario = (0, _userFactory.criarUsuario)();\n_cadastroPage.default.visitar();\n_cadastroPage.default.preencherNome(usuario.nome);\n_cadastroPage.default.preencherEmail(usuario.email);\n_cadastroPage.default.preencherSenha(usuario.password);\n_cadastroPage.default.clicarCadastrar();\ncy.contains('Cadastro realizado com sucesso').should('be.visible');",
              "err": {
                "message": "TypeError: The following error originated from your application code, not from Cypress. It was caused by an unhandled promise rejection.\n\n  > Cannot read properties of undefined (reading 'data')\n\nWhen Cypress detects uncaught errors originating from your application it will automatically fail the current test.\n\nThis behavior is configurable, and you can choose to turn this off by listening to the `uncaught:exception` event.\n\nhttps://on.cypress.io/uncaught-exception-from-application",
                "estack": "TypeError: The following error originated from your application code, not from Cypress. It was caused by an unhandled promise rejection.\n\n  > Cannot read properties of undefined (reading 'data')\n\nWhen Cypress detects uncaught errors originating from your application it will automatically fail the current test.\n\nThis behavior is configurable, and you can choose to turn this off by listening to the `uncaught:exception` event.\n\nhttps://on.cypress.io/uncaught-exception-from-application\n    at <unknown> (https://front.serverest.dev/static/js/main.63e8c0e3.chunk.js:1:15493)",
                "diff": null
              },
              "uuid": "afcddedb-c1bc-48ec-bda5-419675cd062a",
              "parentUUID": "492d49d3-2118-450d-b15a-2bf0bb8c9d59",
              "isHook": false,
              "skipped": false
            }
          ],
          "suites": [],
          "passes": [],
          "failures": [
            "afcddedb-c1bc-48ec-bda5-419675cd062a"
          ],
          "pending": [],
          "skipped": [],
          "duration": 5204,
          "root": false,
          "rootEmpty": false,
          "_timeout": 2000
        }
      ],
      "passes": [],
      "failures": [],
      "pending": [],
      "skipped": [],
      "duration": 0,
      "root": true,
      "rootEmpty": true,
      "_timeout": 2000
    }
  ],
  "meta": {
    "mocha": {
      "version": "7.2.0"
    },
    "mochawesome": {
      "options": {
        "quiet": false,
        "reportFilename": "mochawesome",
        "saveHtml": false,
        "saveJson": true,
        "consoleReporter": "spec",
        "useInlineDiffs": false,
        "code": true
      },
      "version": "7.1.4"
    },
    "marge": {
      "options": {
        "reportDir": "cypress/reports",
        "overwrite": false,
        "html": false,
        "json": true,
        "embeddedScreenshots": true,
        "inlineAssets": true
      },
      "version": "6.3.2"
    }
  }
}